<?xml version="1.0" encoding="UTF-8"?>
<!-- Generated by org.testng.reporters.JUnitReportReporter -->
<testsuite name="com.qmetry.qaf.automation.step.client.DataDrivenScenario" tests="38" time="2520.249" ignored="3" failures="11" timestamp="19 Aug 2020 10:29:01 GMT" skipped="0" hostname="CSUATRDP01" errors="0">
  <testcase name="Verify InstrumentDetails Api" time="9.918" classname="com.qmetry.qaf.automation.step.client.DataDrivenScenario"/>
  <testcase name="Verify InstrumentDetails Api" time="115.445" classname="com.qmetry.qaf.automation.step.client.DataDrivenScenario"/>
  <testcase name="Verify InstrumentDetails Api" time="0.672" classname="com.qmetry.qaf.automation.step.client.DataDrivenScenario"/>
  <testcase name="Verify InstrumentDetails Api" time="115.859" classname="com.qmetry.qaf.automation.step.client.DataDrivenScenario"/>
  <testcase name="Verify InstrumentDetails Api" time="29.858" classname="com.qmetry.qaf.automation.step.client.DataDrivenScenario">
    <failure type="java.lang.AssertionError" message="null">
      <![CDATA[java.lang.AssertionError: null
	at .When User made "${Type}" request to "${URL}" with "${RequestFile}" and compare "${ResponseCount}" and file "${ExpectedFile}"(features/InstrumentDetails.feature:5)
	at com.testscripts.TC_1_Postmethod.userMadeRequestToWithAndCompareAndFile(TC_1_Postmethod.java:85)
	at com.qmetry.qaf.automation.step.JavaStep.doExecute(JavaStep.java:150)
	at com.qmetry.qaf.automation.step.BaseTestStep.execute(BaseTestStep.java:146)
	at com.qmetry.qaf.automation.step.StringTestStep.execute(StringTestStep.java:126)
	at com.qmetry.qaf.automation.step.client.Scenario.execute(Scenario.java:174)
	at com.qmetry.qaf.automation.step.client.DataDrivenScenario.scenario(DataDrivenScenario.java:66)
]]>
    </failure>
  </testcase> <!-- Verify InstrumentDetails Api -->
  <testcase name="Verify InstrumentDetails Api" time="142.367" classname="com.qmetry.qaf.automation.step.client.DataDrivenScenario"/>
  <testcase name="Verify InstrumentDetails Api" time="1.769" classname="com.qmetry.qaf.automation.step.client.DataDrivenScenario"/>
  <testcase name="Verify InstrumentDetails Api" time="10.840" classname="com.qmetry.qaf.automation.step.client.DataDrivenScenario"/>
  <testcase name="Verify InstrumentDetails Api" time="114.963" classname="com.qmetry.qaf.automation.step.client.DataDrivenScenario"/>
  <testcase name="Verify InstrumentDetails Api" time="215.993" classname="com.qmetry.qaf.automation.step.client.DataDrivenScenario"/>
  <testcase name="Verify InstrumentDetails Api" time="19.819" classname="com.qmetry.qaf.automation.step.client.DataDrivenScenario">
    <failure type="java.lang.AssertionError" message="null">
      <![CDATA[java.lang.AssertionError: null
	at .When User made "${Type}" request to "${URL}" with "${RequestFile}" and compare "${ResponseCount}" and file "${ExpectedFile}"(features/InstrumentDetails.feature:5)
	at com.testscripts.TC_1_Postmethod.userMadeRequestToWithAndCompareAndFile(TC_1_Postmethod.java:85)
	at com.qmetry.qaf.automation.step.JavaStep.doExecute(JavaStep.java:150)
	at com.qmetry.qaf.automation.step.BaseTestStep.execute(BaseTestStep.java:146)
	at com.qmetry.qaf.automation.step.StringTestStep.execute(StringTestStep.java:126)
	at com.qmetry.qaf.automation.step.client.Scenario.execute(Scenario.java:174)
	at com.qmetry.qaf.automation.step.client.DataDrivenScenario.scenario(DataDrivenScenario.java:66)
]]>
    </failure>
  </testcase> <!-- Verify InstrumentDetails Api -->
  <testcase name="Verify InstrumentDetails Api" time="1.047" classname="com.qmetry.qaf.automation.step.client.DataDrivenScenario"/>
  <testcase name="Verify InstrumentDetails Api" time="0.876" classname="com.qmetry.qaf.automation.step.client.DataDrivenScenario"/>
  <testcase name="Verify InstrumentDetails Api" time="0.505" classname="com.qmetry.qaf.automation.step.client.DataDrivenScenario"/>
  <testcase name="Verify InstrumentDetails Api" time="53.886" classname="com.qmetry.qaf.automation.step.client.DataDrivenScenario">
    <failure type="java.lang.AssertionError" message="null">
      <![CDATA[java.lang.AssertionError: null
	at .When User made "${Type}" request to "${URL}" with "${RequestFile}" and compare "${ResponseCount}" and file "${ExpectedFile}"(features/InstrumentDetails.feature:5)
	at com.testscripts.TC_1_Postmethod.userMadeRequestToWithAndCompareAndFile(TC_1_Postmethod.java:85)
	at com.qmetry.qaf.automation.step.JavaStep.doExecute(JavaStep.java:150)
	at com.qmetry.qaf.automation.step.BaseTestStep.execute(BaseTestStep.java:146)
	at com.qmetry.qaf.automation.step.StringTestStep.execute(StringTestStep.java:126)
	at com.qmetry.qaf.automation.step.client.Scenario.execute(Scenario.java:174)
	at com.qmetry.qaf.automation.step.client.DataDrivenScenario.scenario(DataDrivenScenario.java:66)
]]>
    </failure>
  </testcase> <!-- Verify InstrumentDetails Api -->
  <testcase name="Verify InstrumentDetails Api" time="2.131" classname="com.qmetry.qaf.automation.step.client.DataDrivenScenario"/>
  <testcase name="Verify InstrumentDetails Api" time="1.036" classname="com.qmetry.qaf.automation.step.client.DataDrivenScenario"/>
  <testcase name="Verify InstrumentDetails Api" time="5.869" classname="com.qmetry.qaf.automation.step.client.DataDrivenScenario"/>
  <testcase name="Verify InstrumentDetails Api" time="4.127" classname="com.qmetry.qaf.automation.step.client.DataDrivenScenario"/>
  <testcase name="Verify InstrumentDetails Api" time="76.734" classname="com.qmetry.qaf.automation.step.client.DataDrivenScenario"/>
  <testcase name="Verify InstrumentDetails Api" time="62.023" classname="com.qmetry.qaf.automation.step.client.DataDrivenScenario">
    <failure type="java.lang.AssertionError" message="null">
      <![CDATA[java.lang.AssertionError: null
	at .When User made "${Type}" request to "${URL}" with "${RequestFile}" and compare "${ResponseCount}" and file "${ExpectedFile}"(features/InstrumentDetails.feature:5)
	at com.testscripts.TC_1_Postmethod.userMadeRequestToWithAndCompareAndFile(TC_1_Postmethod.java:85)
	at com.qmetry.qaf.automation.step.JavaStep.doExecute(JavaStep.java:150)
	at com.qmetry.qaf.automation.step.BaseTestStep.execute(BaseTestStep.java:146)
	at com.qmetry.qaf.automation.step.StringTestStep.execute(StringTestStep.java:126)
	at com.qmetry.qaf.automation.step.client.Scenario.execute(Scenario.java:174)
	at com.qmetry.qaf.automation.step.client.DataDrivenScenario.scenario(DataDrivenScenario.java:66)
]]>
    </failure>
  </testcase> <!-- Verify InstrumentDetails Api -->
  <testcase name="Verify InstrumentDetails Api" time="22.452" classname="com.qmetry.qaf.automation.step.client.DataDrivenScenario">
    <failure type="java.lang.AssertionError" message="null">
      <![CDATA[java.lang.AssertionError: null
	at .When User made "${Type}" request to "${URL}" with "${RequestFile}" and compare "${ResponseCount}" and file "${ExpectedFile}"(features/InstrumentDetails.feature:5)
	at com.testscripts.TC_1_Postmethod.userMadeRequestToWithAndCompareAndFile(TC_1_Postmethod.java:85)
	at com.qmetry.qaf.automation.step.JavaStep.doExecute(JavaStep.java:150)
	at com.qmetry.qaf.automation.step.BaseTestStep.execute(BaseTestStep.java:146)
	at com.qmetry.qaf.automation.step.StringTestStep.execute(StringTestStep.java:126)
	at com.qmetry.qaf.automation.step.client.Scenario.execute(Scenario.java:174)
	at com.qmetry.qaf.automation.step.client.DataDrivenScenario.scenario(DataDrivenScenario.java:66)
]]>
    </failure>
  </testcase> <!-- Verify InstrumentDetails Api -->
  <testcase name="Verify InstrumentDetails Api" time="0.719" classname="com.qmetry.qaf.automation.step.client.DataDrivenScenario"/>
  <testcase name="Verify InstrumentDetails Api" time="10.935" classname="com.qmetry.qaf.automation.step.client.DataDrivenScenario">
    <failure type="java.lang.AssertionError" message="null">
      <![CDATA[java.lang.AssertionError: null
	at .When User made "${Type}" request to "${URL}" with "${RequestFile}" and compare "${ResponseCount}" and file "${ExpectedFile}"(features/InstrumentDetails.feature:5)
	at com.testscripts.TC_1_Postmethod.userMadeRequestToWithAndCompareAndFile(TC_1_Postmethod.java:85)
	at com.qmetry.qaf.automation.step.JavaStep.doExecute(JavaStep.java:150)
	at com.qmetry.qaf.automation.step.BaseTestStep.execute(BaseTestStep.java:146)
	at com.qmetry.qaf.automation.step.StringTestStep.execute(StringTestStep.java:126)
	at com.qmetry.qaf.automation.step.client.Scenario.execute(Scenario.java:174)
	at com.qmetry.qaf.automation.step.client.DataDrivenScenario.scenario(DataDrivenScenario.java:66)
]]>
    </failure>
  </testcase> <!-- Verify InstrumentDetails Api -->
  <testcase name="Verify InstrumentDetails Api" time="76.286" classname="com.qmetry.qaf.automation.step.client.DataDrivenScenario">
    <failure type="java.lang.AssertionError" message="null">
      <![CDATA[java.lang.AssertionError: null
	at .When User made "${Type}" request to "${URL}" with "${RequestFile}" and compare "${ResponseCount}" and file "${ExpectedFile}"(features/InstrumentDetails.feature:5)
	at com.testscripts.TC_1_Postmethod.userMadeRequestToWithAndCompareAndFile(TC_1_Postmethod.java:85)
	at com.qmetry.qaf.automation.step.JavaStep.doExecute(JavaStep.java:150)
	at com.qmetry.qaf.automation.step.BaseTestStep.execute(BaseTestStep.java:146)
	at com.qmetry.qaf.automation.step.StringTestStep.execute(StringTestStep.java:126)
	at com.qmetry.qaf.automation.step.client.Scenario.execute(Scenario.java:174)
	at com.qmetry.qaf.automation.step.client.DataDrivenScenario.scenario(DataDrivenScenario.java:66)
]]>
    </failure>
  </testcase> <!-- Verify InstrumentDetails Api -->
  <testcase name="Verify InstrumentDetails Api" time="5.456" classname="com.qmetry.qaf.automation.step.client.DataDrivenScenario"/>
  <testcase name="Verify InstrumentDetails Api" time="47.043" classname="com.qmetry.qaf.automation.step.client.DataDrivenScenario"/>
  <testcase name="Verify InstrumentDetails Api" time="34.042" classname="com.qmetry.qaf.automation.step.client.DataDrivenScenario">
    <failure type="java.lang.AssertionError" message="null">
      <![CDATA[java.lang.AssertionError: null
	at .When User made "${Type}" request to "${URL}" with "${RequestFile}" and compare "${ResponseCount}" and file "${ExpectedFile}"(features/InstrumentDetails.feature:5)
	at com.testscripts.TC_1_Postmethod.userMadeRequestToWithAndCompareAndFile(TC_1_Postmethod.java:85)
	at com.qmetry.qaf.automation.step.JavaStep.doExecute(JavaStep.java:150)
	at com.qmetry.qaf.automation.step.BaseTestStep.execute(BaseTestStep.java:146)
	at com.qmetry.qaf.automation.step.StringTestStep.execute(StringTestStep.java:126)
	at com.qmetry.qaf.automation.step.client.Scenario.execute(Scenario.java:174)
	at com.qmetry.qaf.automation.step.client.DataDrivenScenario.scenario(DataDrivenScenario.java:66)
]]>
    </failure>
  </testcase> <!-- Verify InstrumentDetails Api -->
  <testcase name="Verify InstrumentDetails Api" time="114.773" classname="com.qmetry.qaf.automation.step.client.DataDrivenScenario"/>
  <testcase name="Verify InstrumentDetails Api" time="207.256" classname="com.qmetry.qaf.automation.step.client.DataDrivenScenario"/>
  <testcase name="Verify InstrumentDetails Api" time="1.437" classname="com.qmetry.qaf.automation.step.client.DataDrivenScenario"/>
  <testcase name="Verify InstrumentDetails Api" time="11.296" classname="com.qmetry.qaf.automation.step.client.DataDrivenScenario"/>
  <testcase name="Verify InstrumentDetails Api" time="30.571" classname="com.qmetry.qaf.automation.step.client.DataDrivenScenario"/>
  <testcase name="Verify InstrumentDetails Api" time="0.943" classname="com.qmetry.qaf.automation.step.client.DataDrivenScenario"/>
  <testcase name="Verify InstrumentDetails Api" time="656.775" classname="com.qmetry.qaf.automation.step.client.DataDrivenScenario">
    <failure type="java.lang.AssertionError" message="null">
      <![CDATA[java.lang.AssertionError: null
	at .When User made "${Type}" request to "${URL}" with "${RequestFile}" and compare "${ResponseCount}" and file "${ExpectedFile}"(features/InstrumentDetails.feature:5)
	at com.testscripts.TC_1_Postmethod.userMadeRequestToWithAndCompareAndFile(TC_1_Postmethod.java:85)
	at com.qmetry.qaf.automation.step.JavaStep.doExecute(JavaStep.java:150)
	at com.qmetry.qaf.automation.step.BaseTestStep.execute(BaseTestStep.java:146)
	at com.qmetry.qaf.automation.step.StringTestStep.execute(StringTestStep.java:126)
	at com.qmetry.qaf.automation.step.client.Scenario.execute(Scenario.java:174)
	at com.qmetry.qaf.automation.step.client.DataDrivenScenario.scenario(DataDrivenScenario.java:66)
]]>
    </failure>
  </testcase> <!-- Verify InstrumentDetails Api -->
  <testcase name="Verify InstrumentDetails Api" time="2.481" classname="com.qmetry.qaf.automation.step.client.DataDrivenScenario"/>
  <testcase name="Verify InstrumentDetails Api" time="222.292" classname="com.qmetry.qaf.automation.step.client.DataDrivenScenario">
    <failure type="java.lang.AssertionError" message="null">
      <![CDATA[java.lang.AssertionError: null
	at .When User made "${Type}" request to "${URL}" with "${RequestFile}" and compare "${ResponseCount}" and file "${ExpectedFile}"(features/InstrumentDetails.feature:5)
	at com.testscripts.TC_1_Postmethod.userMadeRequestToWithAndCompareAndFile(TC_1_Postmethod.java:85)
	at com.qmetry.qaf.automation.step.JavaStep.doExecute(JavaStep.java:150)
	at com.qmetry.qaf.automation.step.BaseTestStep.execute(BaseTestStep.java:146)
	at com.qmetry.qaf.automation.step.StringTestStep.execute(StringTestStep.java:126)
	at com.qmetry.qaf.automation.step.client.Scenario.execute(Scenario.java:174)
	at com.qmetry.qaf.automation.step.client.DataDrivenScenario.scenario(DataDrivenScenario.java:66)
]]>
    </failure>
  </testcase> <!-- Verify InstrumentDetails Api -->
  <testcase name="Verify InstrumentDetails Api" time="89.755" classname="com.qmetry.qaf.automation.step.client.DataDrivenScenario">
    <failure type="java.lang.AssertionError" message="null">
      <![CDATA[java.lang.AssertionError: null
	at .When User made "${Type}" request to "${URL}" with "${RequestFile}" and compare "${ResponseCount}" and file "${ExpectedFile}"(features/InstrumentDetails.feature:5)
	at com.testscripts.TC_1_Postmethod.userMadeRequestToWithAndCompareAndFile(TC_1_Postmethod.java:85)
	at com.qmetry.qaf.automation.step.JavaStep.doExecute(JavaStep.java:150)
	at com.qmetry.qaf.automation.step.BaseTestStep.execute(BaseTestStep.java:146)
	at com.qmetry.qaf.automation.step.StringTestStep.execute(StringTestStep.java:126)
	at com.qmetry.qaf.automation.step.client.Scenario.execute(Scenario.java:174)
	at com.qmetry.qaf.automation.step.client.DataDrivenScenario.scenario(DataDrivenScenario.java:66)
]]>
    </failure>
  </testcase> <!-- Verify InstrumentDetails Api -->
  <testcase name="Verify InstrumentDetails Api" classname="com.qmetry.qaf.automation.step.client.DataDrivenScenario">
    <skipped/>
  </testcase> <!-- Verify InstrumentDetails Api -->
  <testcase name="Verify API structure" classname="com.qmetry.qaf.automation.step.client.DataDrivenScenario">
    <skipped/>
  </testcase> <!-- Verify API structure -->
  <testcase name="Verify API structure" classname="com.qmetry.qaf.automation.step.client.DataDrivenScenario">
    <skipped/>
  </testcase> <!-- Verify API structure -->
</testsuite> <!-- com.qmetry.qaf.automation.step.client.DataDrivenScenario -->
