<?xml version="1.0" encoding="UTF-8"?>
<!-- Generated by org.testng.reporters.JUnitReportReporter -->
<testsuite name="com.testscripts.Tests" tests="1" time="2.593" ignored="0" failures="0" timestamp="27 Mar 2020 08:48:16 GMT" skipped="0" hostname="CSUATRDP01" errors="0">
  <testcase name="f" time="2.593" classname="com.testscripts.Tests"/>
</testsuite> <!-- com.testscripts.Tests -->
